<?xml version="1.0" encoding="UTF-8"?>
<!-- Generated by org.testng.reporters.JUnitReportReporter -->
<testsuite skipped="1" hostname="Fazs-MacBook-Air.local" name="runner.TestRunner" tests="1" failures="0" timestamp="02 Dec 2019 19:30:55 GMT" time="0.000" errors="0">
  <testcase name="feature" time="0.000" classname="runner.TestRunner">
    <skipped/>
  </testcase> <!-- feature -->
</testsuite> <!-- runner.TestRunner -->
